<?xml version="1.0" encoding="UTF-8"?>
<testng-results ignored="0" total="1" passed="1" failed="0" skipped="0">
  <reporter-output>
  </reporter-output>
  <suite started-at="2023-01-18T16:06:44 IST" name="Default suite" finished-at="2023-01-18T16:07:03 IST" duration-ms="19069">
    <groups>
    </groups>
    <test started-at="2023-01-18T16:06:44 IST" name="Default test" finished-at="2023-01-18T16:07:03 IST" duration-ms="19069">
      <class name="GoogleTest">
        <test-method signature="HomePageCheck()[pri:0, instance:GoogleTest@62230c58]" started-at="2023-01-18T16:06:44 IST" name="HomePageCheck" finished-at="2023-01-18T16:07:03 IST" duration-ms="19041" status="PASS">
          <reporter-output>
          </reporter-output>
        </test-method> <!-- HomePageCheck -->
      </class> <!-- GoogleTest -->
    </test> <!-- Default test -->
  </suite> <!-- Default suite -->
</testng-results>
